2017-02-05 21:10:44 DEBUG InternalLoggerFactory:71 - Using SLF4J as the default logging framework
2017-02-05 21:10:44 DEBUG MultithreadEventLoopGroup:76 - -Dio.netty.eventLoopThreads: 16
2017-02-05 21:10:44 DEBUG PlatformDependent0:76 - java.nio.Buffer.address: available
2017-02-05 21:10:44 DEBUG PlatformDependent0:76 - sun.misc.Unsafe.theUnsafe: available
2017-02-05 21:10:44 DEBUG PlatformDependent0:71 - sun.misc.Unsafe.copyMemory: available
2017-02-05 21:10:44 DEBUG PlatformDependent0:76 - java.nio.Bits.unaligned: true
2017-02-05 21:10:44 DEBUG PlatformDependent:76 - Java version: 8
2017-02-05 21:10:44 DEBUG PlatformDependent:76 - -Dio.netty.noUnsafe: false
2017-02-05 21:10:44 DEBUG PlatformDependent:76 - sun.misc.Unsafe: available
2017-02-05 21:10:44 DEBUG PlatformDependent:76 - -Dio.netty.noJavassist: false
2017-02-05 21:10:44 DEBUG PlatformDependent:71 - Javassist: available
2017-02-05 21:10:44 DEBUG PlatformDependent:76 - -Dio.netty.tmpdir: /var/folders/sg/pmf87gwj4kd6z7lbnhsxp_780000gn/T (java.io.tmpdir)
2017-02-05 21:10:44 DEBUG PlatformDependent:76 - -Dio.netty.bitMode: 64 (sun.arch.data.model)
2017-02-05 21:10:44 DEBUG PlatformDependent:76 - -Dio.netty.noPreferDirect: false
2017-02-05 21:10:44 DEBUG NioEventLoop:76 - -Dio.netty.noKeySetOptimization: false
2017-02-05 21:10:44 DEBUG NioEventLoop:76 - -Dio.netty.selectorAutoRebuildThreshold: 512
2017-02-05 21:10:49 DEBUG DefaultChannelId:76 - -Dio.netty.processId: 25381 (auto-detected)
2017-02-05 21:10:49 DEBUG DefaultChannelId:76 - -Dio.netty.machineId: 4c:32:75:ff:fe:89:b4:3b (auto-detected)
2017-02-05 21:10:49 DEBUG ThreadLocalRandom:71 - -Dio.netty.initialSeedUniquifier: 0xa3d3c6999e123cec (took 6 ms)
2017-02-05 21:10:49 DEBUG PooledByteBufAllocator:76 - -Dio.netty.allocator.numHeapArenas: 8
2017-02-05 21:10:49 DEBUG PooledByteBufAllocator:76 - -Dio.netty.allocator.numDirectArenas: 8
2017-02-05 21:10:49 DEBUG PooledByteBufAllocator:76 - -Dio.netty.allocator.pageSize: 8192
2017-02-05 21:10:49 DEBUG PooledByteBufAllocator:76 - -Dio.netty.allocator.maxOrder: 11
2017-02-05 21:10:49 DEBUG PooledByteBufAllocator:76 - -Dio.netty.allocator.chunkSize: 16777216
2017-02-05 21:10:49 DEBUG PooledByteBufAllocator:76 - -Dio.netty.allocator.tinyCacheSize: 512
2017-02-05 21:10:49 DEBUG PooledByteBufAllocator:76 - -Dio.netty.allocator.smallCacheSize: 256
2017-02-05 21:10:49 DEBUG PooledByteBufAllocator:76 - -Dio.netty.allocator.normalCacheSize: 64
2017-02-05 21:10:49 DEBUG PooledByteBufAllocator:76 - -Dio.netty.allocator.maxCachedBufferCapacity: 32768
2017-02-05 21:10:49 DEBUG PooledByteBufAllocator:76 - -Dio.netty.allocator.cacheTrimInterval: 8192
2017-02-05 21:10:49 DEBUG ByteBufUtil:76 - -Dio.netty.allocator.type: pooled
2017-02-05 21:10:49 DEBUG ByteBufUtil:76 - -Dio.netty.threadLocalDirectBufferSize: 65536
2017-02-05 21:10:49 DEBUG NetUtil:86 - Loopback interface: lo0 (lo0, 0:0:0:0:0:0:0:1)
2017-02-05 21:10:49 DEBUG NetUtil:81 - /proc/sys/net/core/somaxconn: 128 (non-existent)
2017-02-05 21:11:13 DEBUG InternalLoggerFactory:71 - Using SLF4J as the default logging framework
2017-02-05 21:11:13 DEBUG MultithreadEventLoopGroup:76 - -Dio.netty.eventLoopThreads: 16
2017-02-05 21:11:13 DEBUG PlatformDependent0:76 - java.nio.Buffer.address: available
2017-02-05 21:11:13 DEBUG PlatformDependent0:76 - sun.misc.Unsafe.theUnsafe: available
2017-02-05 21:11:13 DEBUG PlatformDependent0:71 - sun.misc.Unsafe.copyMemory: available
2017-02-05 21:11:13 DEBUG PlatformDependent0:76 - java.nio.Bits.unaligned: true
2017-02-05 21:11:13 DEBUG PlatformDependent:76 - Java version: 8
2017-02-05 21:11:13 DEBUG PlatformDependent:76 - -Dio.netty.noUnsafe: false
2017-02-05 21:11:13 DEBUG PlatformDependent:76 - sun.misc.Unsafe: available
2017-02-05 21:11:13 DEBUG PlatformDependent:76 - -Dio.netty.noJavassist: false
2017-02-05 21:11:13 DEBUG PlatformDependent:71 - Javassist: available
2017-02-05 21:11:13 DEBUG PlatformDependent:76 - -Dio.netty.tmpdir: /var/folders/sg/pmf87gwj4kd6z7lbnhsxp_780000gn/T (java.io.tmpdir)
2017-02-05 21:11:13 DEBUG PlatformDependent:76 - -Dio.netty.bitMode: 64 (sun.arch.data.model)
2017-02-05 21:11:13 DEBUG PlatformDependent:76 - -Dio.netty.noPreferDirect: false
2017-02-05 21:11:13 DEBUG NioEventLoop:76 - -Dio.netty.noKeySetOptimization: false
2017-02-05 21:11:13 DEBUG NioEventLoop:76 - -Dio.netty.selectorAutoRebuildThreshold: 512
2017-02-05 21:11:18 DEBUG DefaultChannelId:76 - -Dio.netty.processId: 25389 (auto-detected)
2017-02-05 21:11:18 DEBUG DefaultChannelId:76 - -Dio.netty.machineId: 4c:32:75:ff:fe:89:b4:3b (auto-detected)
2017-02-05 21:11:18 DEBUG ThreadLocalRandom:71 - -Dio.netty.initialSeedUniquifier: 0x1ebc641a52ef08f5 (took 6 ms)
2017-02-05 21:11:18 DEBUG PooledByteBufAllocator:76 - -Dio.netty.allocator.numHeapArenas: 8
2017-02-05 21:11:18 DEBUG PooledByteBufAllocator:76 - -Dio.netty.allocator.numDirectArenas: 8
2017-02-05 21:11:18 DEBUG PooledByteBufAllocator:76 - -Dio.netty.allocator.pageSize: 8192
2017-02-05 21:11:18 DEBUG PooledByteBufAllocator:76 - -Dio.netty.allocator.maxOrder: 11
2017-02-05 21:11:18 DEBUG PooledByteBufAllocator:76 - -Dio.netty.allocator.chunkSize: 16777216
2017-02-05 21:11:18 DEBUG PooledByteBufAllocator:76 - -Dio.netty.allocator.tinyCacheSize: 512
2017-02-05 21:11:18 DEBUG PooledByteBufAllocator:76 - -Dio.netty.allocator.smallCacheSize: 256
2017-02-05 21:11:18 DEBUG PooledByteBufAllocator:76 - -Dio.netty.allocator.normalCacheSize: 64
2017-02-05 21:11:18 DEBUG PooledByteBufAllocator:76 - -Dio.netty.allocator.maxCachedBufferCapacity: 32768
2017-02-05 21:11:18 DEBUG PooledByteBufAllocator:76 - -Dio.netty.allocator.cacheTrimInterval: 8192
2017-02-05 21:11:18 DEBUG ByteBufUtil:76 - -Dio.netty.allocator.type: pooled
2017-02-05 21:11:18 DEBUG ByteBufUtil:76 - -Dio.netty.threadLocalDirectBufferSize: 65536
2017-02-05 21:11:18 DEBUG JavassistTypeParameterMatcherGenerator:76 - Generated: io.netty.util.internal.__matchers__.java.net.InetSocketAddressMatcher
2017-02-05 21:11:18 DEBUG ResourceLeakDetector:81 - -Dio.netty.leakDetectionLevel: simple
2017-02-05 21:11:18 DEBUG Recycler:76 - -Dio.netty.recycler.maxCapacity: 262144
2017-02-05 21:11:18 DEBUG ResourceLeakDetector:81 - -Dio.netty.leakDetectionLevel: simple
2017-02-05 21:11:18 DEBUG Recycler:76 - -Dio.netty.recycler.maxCapacity: 262144
2017-02-05 21:42:09 DEBUG InternalLoggerFactory:71 - Using SLF4J as the default logging framework
2017-02-05 21:42:09 DEBUG MultithreadEventLoopGroup:76 - -Dio.netty.eventLoopThreads: 16
2017-02-05 21:42:09 DEBUG PlatformDependent0:76 - java.nio.Buffer.address: available
2017-02-05 21:42:09 DEBUG PlatformDependent0:76 - sun.misc.Unsafe.theUnsafe: available
2017-02-05 21:42:09 DEBUG PlatformDependent0:71 - sun.misc.Unsafe.copyMemory: available
2017-02-05 21:42:09 DEBUG PlatformDependent0:76 - java.nio.Bits.unaligned: true
2017-02-05 21:42:09 DEBUG PlatformDependent:76 - Java version: 8
2017-02-05 21:42:09 DEBUG PlatformDependent:76 - -Dio.netty.noUnsafe: false
2017-02-05 21:42:09 DEBUG PlatformDependent:76 - sun.misc.Unsafe: available
2017-02-05 21:42:09 DEBUG PlatformDependent:76 - -Dio.netty.noJavassist: false
2017-02-05 21:42:09 DEBUG PlatformDependent:71 - Javassist: available
2017-02-05 21:42:09 DEBUG PlatformDependent:76 - -Dio.netty.tmpdir: /var/folders/sg/pmf87gwj4kd6z7lbnhsxp_780000gn/T (java.io.tmpdir)
2017-02-05 21:42:09 DEBUG PlatformDependent:76 - -Dio.netty.bitMode: 64 (sun.arch.data.model)
2017-02-05 21:42:09 DEBUG PlatformDependent:76 - -Dio.netty.noPreferDirect: false
2017-02-05 21:42:09 DEBUG NioEventLoop:76 - -Dio.netty.noKeySetOptimization: false
2017-02-05 21:42:09 DEBUG NioEventLoop:76 - -Dio.netty.selectorAutoRebuildThreshold: 512
2017-02-05 21:42:14 DEBUG DefaultChannelId:76 - -Dio.netty.processId: 25917 (auto-detected)
2017-02-05 21:42:14 DEBUG DefaultChannelId:76 - -Dio.netty.machineId: 4c:32:75:ff:fe:89:b4:3b (auto-detected)
2017-02-05 21:42:14 DEBUG ThreadLocalRandom:71 - -Dio.netty.initialSeedUniquifier: 0x1f9dd8de2351b936 (took 7 ms)
2017-02-05 21:42:14 DEBUG PooledByteBufAllocator:76 - -Dio.netty.allocator.numHeapArenas: 8
2017-02-05 21:42:14 DEBUG PooledByteBufAllocator:76 - -Dio.netty.allocator.numDirectArenas: 8
2017-02-05 21:42:14 DEBUG PooledByteBufAllocator:76 - -Dio.netty.allocator.pageSize: 8192
2017-02-05 21:42:14 DEBUG PooledByteBufAllocator:76 - -Dio.netty.allocator.maxOrder: 11
2017-02-05 21:42:14 DEBUG PooledByteBufAllocator:76 - -Dio.netty.allocator.chunkSize: 16777216
2017-02-05 21:42:14 DEBUG PooledByteBufAllocator:76 - -Dio.netty.allocator.tinyCacheSize: 512
2017-02-05 21:42:14 DEBUG PooledByteBufAllocator:76 - -Dio.netty.allocator.smallCacheSize: 256
2017-02-05 21:42:14 DEBUG PooledByteBufAllocator:76 - -Dio.netty.allocator.normalCacheSize: 64
2017-02-05 21:42:14 DEBUG PooledByteBufAllocator:76 - -Dio.netty.allocator.maxCachedBufferCapacity: 32768
2017-02-05 21:42:14 DEBUG PooledByteBufAllocator:76 - -Dio.netty.allocator.cacheTrimInterval: 8192
2017-02-05 21:42:14 DEBUG ByteBufUtil:76 - -Dio.netty.allocator.type: pooled
2017-02-05 21:42:14 DEBUG ByteBufUtil:76 - -Dio.netty.threadLocalDirectBufferSize: 65536
2017-02-05 21:42:14 DEBUG NetUtil:86 - Loopback interface: lo0 (lo0, 0:0:0:0:0:0:0:1)
2017-02-05 21:42:14 DEBUG NetUtil:81 - /proc/sys/net/core/somaxconn: 128 (non-existent)
2017-02-05 21:42:32 DEBUG InternalLoggerFactory:71 - Using SLF4J as the default logging framework
2017-02-05 21:42:32 DEBUG MultithreadEventLoopGroup:76 - -Dio.netty.eventLoopThreads: 16
2017-02-05 21:42:32 DEBUG PlatformDependent0:76 - java.nio.Buffer.address: available
2017-02-05 21:42:32 DEBUG PlatformDependent0:76 - sun.misc.Unsafe.theUnsafe: available
2017-02-05 21:42:32 DEBUG PlatformDependent0:71 - sun.misc.Unsafe.copyMemory: available
2017-02-05 21:42:32 DEBUG PlatformDependent0:76 - java.nio.Bits.unaligned: true
2017-02-05 21:42:32 DEBUG PlatformDependent:76 - Java version: 8
2017-02-05 21:42:32 DEBUG PlatformDependent:76 - -Dio.netty.noUnsafe: false
2017-02-05 21:42:32 DEBUG PlatformDependent:76 - sun.misc.Unsafe: available
2017-02-05 21:42:32 DEBUG PlatformDependent:76 - -Dio.netty.noJavassist: false
2017-02-05 21:42:32 DEBUG PlatformDependent:71 - Javassist: available
2017-02-05 21:42:32 DEBUG PlatformDependent:76 - -Dio.netty.tmpdir: /var/folders/sg/pmf87gwj4kd6z7lbnhsxp_780000gn/T (java.io.tmpdir)
2017-02-05 21:42:32 DEBUG PlatformDependent:76 - -Dio.netty.bitMode: 64 (sun.arch.data.model)
2017-02-05 21:42:32 DEBUG PlatformDependent:76 - -Dio.netty.noPreferDirect: false
2017-02-05 21:42:32 DEBUG NioEventLoop:76 - -Dio.netty.noKeySetOptimization: false
2017-02-05 21:42:32 DEBUG NioEventLoop:76 - -Dio.netty.selectorAutoRebuildThreshold: 512
2017-02-05 21:42:37 DEBUG DefaultChannelId:76 - -Dio.netty.processId: 25923 (auto-detected)
2017-02-05 21:42:37 DEBUG DefaultChannelId:76 - -Dio.netty.machineId: 4c:32:75:ff:fe:89:b4:3b (auto-detected)
2017-02-05 21:42:37 DEBUG ThreadLocalRandom:71 - -Dio.netty.initialSeedUniquifier: 0x1501ed705d5dc120 (took 7 ms)
2017-02-05 21:42:37 DEBUG PooledByteBufAllocator:76 - -Dio.netty.allocator.numHeapArenas: 8
2017-02-05 21:42:37 DEBUG PooledByteBufAllocator:76 - -Dio.netty.allocator.numDirectArenas: 8
2017-02-05 21:42:37 DEBUG PooledByteBufAllocator:76 - -Dio.netty.allocator.pageSize: 8192
2017-02-05 21:42:37 DEBUG PooledByteBufAllocator:76 - -Dio.netty.allocator.maxOrder: 11
2017-02-05 21:42:37 DEBUG PooledByteBufAllocator:76 - -Dio.netty.allocator.chunkSize: 16777216
2017-02-05 21:42:37 DEBUG PooledByteBufAllocator:76 - -Dio.netty.allocator.tinyCacheSize: 512
2017-02-05 21:42:37 DEBUG PooledByteBufAllocator:76 - -Dio.netty.allocator.smallCacheSize: 256
2017-02-05 21:42:37 DEBUG PooledByteBufAllocator:76 - -Dio.netty.allocator.normalCacheSize: 64
2017-02-05 21:42:37 DEBUG PooledByteBufAllocator:76 - -Dio.netty.allocator.maxCachedBufferCapacity: 32768
2017-02-05 21:42:37 DEBUG PooledByteBufAllocator:76 - -Dio.netty.allocator.cacheTrimInterval: 8192
2017-02-05 21:42:37 DEBUG ByteBufUtil:76 - -Dio.netty.allocator.type: pooled
2017-02-05 21:42:37 DEBUG ByteBufUtil:76 - -Dio.netty.threadLocalDirectBufferSize: 65536
2017-02-05 21:42:37 DEBUG JavassistTypeParameterMatcherGenerator:76 - Generated: io.netty.util.internal.__matchers__.java.net.InetSocketAddressMatcher
2017-02-05 21:42:37 DEBUG JavassistTypeParameterMatcherGenerator:76 - Generated: io.netty.util.internal.__matchers__.io.netty.buffer.ByteBufMatcher
2017-02-05 21:42:37 DEBUG ResourceLeakDetector:81 - -Dio.netty.leakDetectionLevel: simple
2017-02-05 21:42:37 DEBUG Recycler:76 - -Dio.netty.recycler.maxCapacity: 262144
2017-02-05 21:42:37 DEBUG JavassistTypeParameterMatcherGenerator:76 - Generated: io.netty.util.internal.__matchers__.io.netty.buffer.ByteBufMatcher
2017-02-05 21:42:37 DEBUG ResourceLeakDetector:81 - -Dio.netty.leakDetectionLevel: simple
2017-02-05 21:42:37 DEBUG Recycler:76 - -Dio.netty.recycler.maxCapacity: 262144
2017-02-05 21:48:40 DEBUG InternalLoggerFactory:71 - Using SLF4J as the default logging framework
2017-02-05 21:48:40 DEBUG MultithreadEventLoopGroup:76 - -Dio.netty.eventLoopThreads: 16
2017-02-05 21:48:40 DEBUG PlatformDependent0:76 - java.nio.Buffer.address: available
2017-02-05 21:48:40 DEBUG PlatformDependent0:76 - sun.misc.Unsafe.theUnsafe: available
2017-02-05 21:48:40 DEBUG PlatformDependent0:71 - sun.misc.Unsafe.copyMemory: available
2017-02-05 21:48:40 DEBUG PlatformDependent0:76 - java.nio.Bits.unaligned: true
2017-02-05 21:48:40 DEBUG PlatformDependent:76 - Java version: 8
2017-02-05 21:48:40 DEBUG PlatformDependent:76 - -Dio.netty.noUnsafe: false
2017-02-05 21:48:40 DEBUG PlatformDependent:76 - sun.misc.Unsafe: available
2017-02-05 21:48:40 DEBUG PlatformDependent:76 - -Dio.netty.noJavassist: false
2017-02-05 21:48:40 DEBUG PlatformDependent:71 - Javassist: available
2017-02-05 21:48:40 DEBUG PlatformDependent:76 - -Dio.netty.tmpdir: /var/folders/sg/pmf87gwj4kd6z7lbnhsxp_780000gn/T (java.io.tmpdir)
2017-02-05 21:48:40 DEBUG PlatformDependent:76 - -Dio.netty.bitMode: 64 (sun.arch.data.model)
2017-02-05 21:48:40 DEBUG PlatformDependent:76 - -Dio.netty.noPreferDirect: false
2017-02-05 21:48:40 DEBUG NioEventLoop:76 - -Dio.netty.noKeySetOptimization: false
2017-02-05 21:48:40 DEBUG NioEventLoop:76 - -Dio.netty.selectorAutoRebuildThreshold: 512
2017-02-05 21:48:57 DEBUG InternalLoggerFactory:71 - Using SLF4J as the default logging framework
2017-02-05 21:48:57 DEBUG MultithreadEventLoopGroup:76 - -Dio.netty.eventLoopThreads: 16
2017-02-05 21:48:57 DEBUG PlatformDependent0:76 - java.nio.Buffer.address: available
2017-02-05 21:48:57 DEBUG PlatformDependent0:76 - sun.misc.Unsafe.theUnsafe: available
2017-02-05 21:48:57 DEBUG PlatformDependent0:71 - sun.misc.Unsafe.copyMemory: available
2017-02-05 21:48:57 DEBUG PlatformDependent0:76 - java.nio.Bits.unaligned: true
2017-02-05 21:48:57 DEBUG PlatformDependent:76 - Java version: 8
2017-02-05 21:48:57 DEBUG PlatformDependent:76 - -Dio.netty.noUnsafe: false
2017-02-05 21:48:57 DEBUG PlatformDependent:76 - sun.misc.Unsafe: available
2017-02-05 21:48:57 DEBUG PlatformDependent:76 - -Dio.netty.noJavassist: false
2017-02-05 21:48:57 DEBUG PlatformDependent:71 - Javassist: available
2017-02-05 21:48:57 DEBUG PlatformDependent:76 - -Dio.netty.tmpdir: /var/folders/sg/pmf87gwj4kd6z7lbnhsxp_780000gn/T (java.io.tmpdir)
2017-02-05 21:48:57 DEBUG PlatformDependent:76 - -Dio.netty.bitMode: 64 (sun.arch.data.model)
2017-02-05 21:48:57 DEBUG PlatformDependent:76 - -Dio.netty.noPreferDirect: false
2017-02-05 21:48:57 DEBUG NioEventLoop:76 - -Dio.netty.noKeySetOptimization: false
2017-02-05 21:48:57 DEBUG NioEventLoop:76 - -Dio.netty.selectorAutoRebuildThreshold: 512
2017-02-05 21:49:02 DEBUG DefaultChannelId:76 - -Dio.netty.processId: 26024 (auto-detected)
2017-02-05 21:49:02 DEBUG DefaultChannelId:76 - -Dio.netty.machineId: 4c:32:75:ff:fe:89:b4:3b (auto-detected)
2017-02-05 21:49:02 DEBUG ThreadLocalRandom:71 - -Dio.netty.initialSeedUniquifier: 0x053873f16a7caaf0 (took 6 ms)
2017-02-05 21:49:02 DEBUG PooledByteBufAllocator:76 - -Dio.netty.allocator.numHeapArenas: 8
2017-02-05 21:49:02 DEBUG PooledByteBufAllocator:76 - -Dio.netty.allocator.numDirectArenas: 8
2017-02-05 21:49:02 DEBUG PooledByteBufAllocator:76 - -Dio.netty.allocator.pageSize: 8192
2017-02-05 21:49:02 DEBUG PooledByteBufAllocator:76 - -Dio.netty.allocator.maxOrder: 11
2017-02-05 21:49:02 DEBUG PooledByteBufAllocator:76 - -Dio.netty.allocator.chunkSize: 16777216
2017-02-05 21:49:02 DEBUG PooledByteBufAllocator:76 - -Dio.netty.allocator.tinyCacheSize: 512
2017-02-05 21:49:02 DEBUG PooledByteBufAllocator:76 - -Dio.netty.allocator.smallCacheSize: 256
2017-02-05 21:49:02 DEBUG PooledByteBufAllocator:76 - -Dio.netty.allocator.normalCacheSize: 64
2017-02-05 21:49:02 DEBUG PooledByteBufAllocator:76 - -Dio.netty.allocator.maxCachedBufferCapacity: 32768
2017-02-05 21:49:02 DEBUG PooledByteBufAllocator:76 - -Dio.netty.allocator.cacheTrimInterval: 8192
2017-02-05 21:49:02 DEBUG ByteBufUtil:76 - -Dio.netty.allocator.type: pooled
2017-02-05 21:49:02 DEBUG ByteBufUtil:76 - -Dio.netty.threadLocalDirectBufferSize: 65536
2017-02-05 21:49:02 DEBUG NetUtil:86 - Loopback interface: lo0 (lo0, 0:0:0:0:0:0:0:1)
2017-02-05 21:49:02 DEBUG NetUtil:81 - /proc/sys/net/core/somaxconn: 128 (non-existent)
2017-02-05 21:49:02 INFO  LoggingHandler:101 - [id: 0x8bdb7eef] REGISTERED
2017-02-05 21:49:02 INFO  LoggingHandler:101 - [id: 0x8bdb7eef] BIND: 0.0.0.0/0.0.0.0:8080
2017-02-05 21:49:02 INFO  LoggingHandler:101 - [id: 0x8bdb7eef, /0:0:0:0:0:0:0:0:8080] ACTIVE
2017-02-05 21:49:25 DEBUG InternalLoggerFactory:71 - Using SLF4J as the default logging framework
2017-02-05 21:49:25 DEBUG MultithreadEventLoopGroup:76 - -Dio.netty.eventLoopThreads: 16
2017-02-05 21:49:25 DEBUG PlatformDependent0:76 - java.nio.Buffer.address: available
2017-02-05 21:49:25 DEBUG PlatformDependent0:76 - sun.misc.Unsafe.theUnsafe: available
2017-02-05 21:49:25 DEBUG PlatformDependent0:71 - sun.misc.Unsafe.copyMemory: available
2017-02-05 21:49:25 DEBUG PlatformDependent0:76 - java.nio.Bits.unaligned: true
2017-02-05 21:49:25 DEBUG PlatformDependent:76 - Java version: 8
2017-02-05 21:49:25 DEBUG PlatformDependent:76 - -Dio.netty.noUnsafe: false
2017-02-05 21:49:25 DEBUG PlatformDependent:76 - sun.misc.Unsafe: available
2017-02-05 21:49:25 DEBUG PlatformDependent:76 - -Dio.netty.noJavassist: false
2017-02-05 21:49:25 DEBUG PlatformDependent:71 - Javassist: available
2017-02-05 21:49:25 DEBUG PlatformDependent:76 - -Dio.netty.tmpdir: /var/folders/sg/pmf87gwj4kd6z7lbnhsxp_780000gn/T (java.io.tmpdir)
2017-02-05 21:49:25 DEBUG PlatformDependent:76 - -Dio.netty.bitMode: 64 (sun.arch.data.model)
2017-02-05 21:49:25 DEBUG PlatformDependent:76 - -Dio.netty.noPreferDirect: false
2017-02-05 21:49:25 DEBUG NioEventLoop:76 - -Dio.netty.noKeySetOptimization: false
2017-02-05 21:49:25 DEBUG NioEventLoop:76 - -Dio.netty.selectorAutoRebuildThreshold: 512
2017-02-05 21:49:30 DEBUG DefaultChannelId:76 - -Dio.netty.processId: 26032 (auto-detected)
2017-02-05 21:49:30 DEBUG DefaultChannelId:76 - -Dio.netty.machineId: 4c:32:75:ff:fe:89:b4:3b (auto-detected)
2017-02-05 21:49:30 DEBUG ThreadLocalRandom:71 - -Dio.netty.initialSeedUniquifier: 0x6490a35f59e48e61 (took 7 ms)
2017-02-05 21:49:30 DEBUG PooledByteBufAllocator:76 - -Dio.netty.allocator.numHeapArenas: 8
2017-02-05 21:49:30 DEBUG PooledByteBufAllocator:76 - -Dio.netty.allocator.numDirectArenas: 8
2017-02-05 21:49:30 DEBUG PooledByteBufAllocator:76 - -Dio.netty.allocator.pageSize: 8192
2017-02-05 21:49:30 DEBUG PooledByteBufAllocator:76 - -Dio.netty.allocator.maxOrder: 11
2017-02-05 21:49:30 DEBUG PooledByteBufAllocator:76 - -Dio.netty.allocator.chunkSize: 16777216
2017-02-05 21:49:30 DEBUG PooledByteBufAllocator:76 - -Dio.netty.allocator.tinyCacheSize: 512
2017-02-05 21:49:30 DEBUG PooledByteBufAllocator:76 - -Dio.netty.allocator.smallCacheSize: 256
2017-02-05 21:49:30 DEBUG PooledByteBufAllocator:76 - -Dio.netty.allocator.normalCacheSize: 64
2017-02-05 21:49:30 DEBUG PooledByteBufAllocator:76 - -Dio.netty.allocator.maxCachedBufferCapacity: 32768
2017-02-05 21:49:30 DEBUG PooledByteBufAllocator:76 - -Dio.netty.allocator.cacheTrimInterval: 8192
2017-02-05 21:49:30 DEBUG ByteBufUtil:76 - -Dio.netty.allocator.type: pooled
2017-02-05 21:49:30 DEBUG ByteBufUtil:76 - -Dio.netty.threadLocalDirectBufferSize: 65536
2017-02-05 21:49:30 DEBUG JavassistTypeParameterMatcherGenerator:76 - Generated: io.netty.util.internal.__matchers__.java.net.InetSocketAddressMatcher
2017-02-05 21:49:30 DEBUG ResourceLeakDetector:81 - -Dio.netty.leakDetectionLevel: simple
2017-02-05 21:49:30 DEBUG JavassistTypeParameterMatcherGenerator:76 - Generated: io.netty.util.internal.__matchers__.io.netty.buffer.ByteBufMatcher
2017-02-05 21:49:30 DEBUG Recycler:76 - -Dio.netty.recycler.maxCapacity: 262144
2017-02-05 21:49:30 INFO  LoggingHandler:101 - [id: 0x8bdb7eef, /0:0:0:0:0:0:0:0:8080] RECEIVED: [id: 0xe1d3a468, /127.0.0.1:56271 => /127.0.0.1:8080]
2017-02-05 21:49:30 DEBUG ResourceLeakDetector:81 - -Dio.netty.leakDetectionLevel: simple
2017-02-05 21:49:30 DEBUG JavassistTypeParameterMatcherGenerator:76 - Generated: io.netty.util.internal.__matchers__.io.netty.buffer.ByteBufMatcher
2017-02-05 21:49:30 DEBUG Recycler:76 - -Dio.netty.recycler.maxCapacity: 262144
2017-02-05 21:57:47 DEBUG InternalLoggerFactory:71 - Using SLF4J as the default logging framework
2017-02-05 21:57:47 DEBUG MultithreadEventLoopGroup:76 - -Dio.netty.eventLoopThreads: 16
2017-02-05 21:57:47 DEBUG PlatformDependent0:76 - java.nio.Buffer.address: available
2017-02-05 21:57:47 DEBUG PlatformDependent0:76 - sun.misc.Unsafe.theUnsafe: available
2017-02-05 21:57:47 DEBUG PlatformDependent0:71 - sun.misc.Unsafe.copyMemory: available
2017-02-05 21:57:47 DEBUG PlatformDependent0:76 - java.nio.Bits.unaligned: true
2017-02-05 21:57:47 DEBUG PlatformDependent:76 - Java version: 8
2017-02-05 21:57:47 DEBUG PlatformDependent:76 - -Dio.netty.noUnsafe: false
2017-02-05 21:57:47 DEBUG PlatformDependent:76 - sun.misc.Unsafe: available
2017-02-05 21:57:47 DEBUG PlatformDependent:76 - -Dio.netty.noJavassist: false
2017-02-05 21:57:47 DEBUG PlatformDependent:71 - Javassist: available
2017-02-05 21:57:47 DEBUG PlatformDependent:76 - -Dio.netty.tmpdir: /var/folders/sg/pmf87gwj4kd6z7lbnhsxp_780000gn/T (java.io.tmpdir)
2017-02-05 21:57:47 DEBUG PlatformDependent:76 - -Dio.netty.bitMode: 64 (sun.arch.data.model)
2017-02-05 21:57:47 DEBUG PlatformDependent:76 - -Dio.netty.noPreferDirect: false
2017-02-05 21:57:47 DEBUG NioEventLoop:76 - -Dio.netty.noKeySetOptimization: false
2017-02-05 21:57:47 DEBUG NioEventLoop:76 - -Dio.netty.selectorAutoRebuildThreshold: 512
2017-02-05 21:57:52 DEBUG DefaultChannelId:76 - -Dio.netty.processId: 26151 (auto-detected)
2017-02-05 21:57:52 DEBUG DefaultChannelId:76 - -Dio.netty.machineId: 4c:32:75:ff:fe:89:b4:3b (auto-detected)
2017-02-05 21:57:52 DEBUG ThreadLocalRandom:71 - -Dio.netty.initialSeedUniquifier: 0xa426424f7bdc80af (took 8 ms)
2017-02-05 21:57:52 DEBUG PooledByteBufAllocator:76 - -Dio.netty.allocator.numHeapArenas: 8
2017-02-05 21:57:52 DEBUG PooledByteBufAllocator:76 - -Dio.netty.allocator.numDirectArenas: 8
2017-02-05 21:57:52 DEBUG PooledByteBufAllocator:76 - -Dio.netty.allocator.pageSize: 8192
2017-02-05 21:57:52 DEBUG PooledByteBufAllocator:76 - -Dio.netty.allocator.maxOrder: 11
2017-02-05 21:57:52 DEBUG PooledByteBufAllocator:76 - -Dio.netty.allocator.chunkSize: 16777216
2017-02-05 21:57:52 DEBUG PooledByteBufAllocator:76 - -Dio.netty.allocator.tinyCacheSize: 512
2017-02-05 21:57:52 DEBUG PooledByteBufAllocator:76 - -Dio.netty.allocator.smallCacheSize: 256
2017-02-05 21:57:52 DEBUG PooledByteBufAllocator:76 - -Dio.netty.allocator.normalCacheSize: 64
2017-02-05 21:57:52 DEBUG PooledByteBufAllocator:76 - -Dio.netty.allocator.maxCachedBufferCapacity: 32768
2017-02-05 21:57:52 DEBUG PooledByteBufAllocator:76 - -Dio.netty.allocator.cacheTrimInterval: 8192
2017-02-05 21:57:52 DEBUG ByteBufUtil:76 - -Dio.netty.allocator.type: pooled
2017-02-05 21:57:52 DEBUG ByteBufUtil:76 - -Dio.netty.threadLocalDirectBufferSize: 65536
2017-02-05 21:57:52 DEBUG NetUtil:86 - Loopback interface: lo0 (lo0, 0:0:0:0:0:0:0:1)
2017-02-05 21:57:52 DEBUG NetUtil:81 - /proc/sys/net/core/somaxconn: 128 (non-existent)
2017-02-05 21:57:52 INFO  LoggingHandler:101 - [id: 0xe6fa89a2] REGISTERED
2017-02-05 21:57:52 INFO  LoggingHandler:101 - [id: 0xe6fa89a2] BIND: 0.0.0.0/0.0.0.0:8080
2017-02-05 21:57:52 INFO  LoggingHandler:101 - [id: 0xe6fa89a2, /0:0:0:0:0:0:0:0:8080] ACTIVE
2017-02-05 21:58:22 INFO  LoggingHandler:101 - [id: 0xe6fa89a2, /0:0:0:0:0:0:0:0:8080] RECEIVED: [id: 0x6cc59008, /0:0:0:0:0:0:0:1:56390 => /0:0:0:0:0:0:0:1:8080]
2017-02-05 21:58:22 DEBUG JavassistTypeParameterMatcherGenerator:76 - Generated: io.netty.util.internal.__matchers__.io.netty.buffer.ByteBufMatcher
2017-02-05 21:58:40 DEBUG ResourceLeakDetector:81 - -Dio.netty.leakDetectionLevel: simple
2017-02-05 21:58:40 DEBUG Recycler:76 - -Dio.netty.recycler.maxCapacity: 262144
